<?xml version="1.0" encoding="UTF-8"?>
<testsuite name="Verify that is possible update a location"
           tests="3"
           failures="1"
           errors="0"
           skipped="2"
           time="0.000">
  <properties />
            <testcase name="setUpTest" time="0.000" classname="org.roommanager.test.admin.locations.UpdateLocation">
                <failure type="org.openqa.selenium.remote.SessionNotFoundException"
                  message="Session ID is null. Using WebDriver after calling quit()?
Build info: version: &apos;2.45.0&apos;, revision: &apos;5017cb8&apos;, time: &apos;2015-02-26 23:59:50&apos;
System info: host: &apos;VDQADEV01-P7UPP&apos;, ip: &apos;172.20.200.219&apos;, os.name: &apos;Windows Server 2012 R2&apos;, os.arch: &apos;amd64&apos;, os.version: &apos;6.3&apos;, java.version: &apos;1.7.0_80&apos;
Driver info: driver.version: RemoteWebDriver"
              >
<![CDATA[org.openqa.selenium.remote.SessionNotFoundException: Session ID is null. Using WebDriver after calling quit()?
Build info: version: '2.45.0', revision: '5017cb8', time: '2015-02-26 23:59:50'
System info: host: 'VDQADEV01-P7UPP', ip: '172.20.200.219', os.name: 'Windows Server 2012 R2', os.arch: 'amd64', os.version: '6.3', java.version: '1.7.0_80'
Driver info: driver.version: RemoteWebDriver
  org.openqa.selenium.remote.HttpCommandExecutor.execute(HttpCommandExecutor.java:125)
  org.openqa.selenium.remote.service.DriverCommandExecutor.execute(DriverCommandExecutor.java:66)
  org.openqa.selenium.remote.RemoteWebDriver.execute(RemoteWebDriver.java:572)
  org.openqa.selenium.remote.RemoteWebDriver.get(RemoteWebDriver.java:304)
  org.roommanager.test.admin.locations.UpdateLocation.setUpTest(UpdateLocation.java:29)
  sun.reflect.NativeMethodAccessorImpl.invoke0(Native Method)
  sun.reflect.NativeMethodAccessorImpl.invoke(Unknown Source)
  sun.reflect.DelegatingMethodAccessorImpl.invoke(Unknown Source)
  java.lang.reflect.Method.invoke(Unknown Source)
  org.testng.internal.MethodInvocationHelper.invokeMethod(MethodInvocationHelper.java:85)
  org.testng.internal.Invoker.invokeConfigurationMethod(Invoker.java:521)
  org.testng.internal.Invoker.invokeConfigurations(Invoker.java:213)
  org.testng.internal.Invoker.invokeConfigurations(Invoker.java:140)
  org.testng.TestRunner.beforeRun(TestRunner.java:645)
  org.testng.TestRunner.run(TestRunner.java:613)
  org.testng.SuiteRunner.runTest(SuiteRunner.java:357)
  org.testng.SuiteRunner.runSequentially(SuiteRunner.java:352)
  org.testng.SuiteRunner.privateRun(SuiteRunner.java:310)
  org.testng.SuiteRunner.run(SuiteRunner.java:259)
  org.testng.SuiteRunnerWorker.runSuite(SuiteRunnerWorker.java:52)
  org.testng.SuiteRunnerWorker.run(SuiteRunnerWorker.java:86)
  org.testng.TestNG.runSuitesSequentially(TestNG.java:1200)
  org.testng.TestNG.runSuitesLocally(TestNG.java:1125)
  org.testng.TestNG.run(TestNG.java:1033)
  org.testng.remote.RemoteTestNG.run(RemoteTestNG.java:111)
  org.testng.remote.RemoteTestNG.initAndRun(RemoteTestNG.java:204)
  org.testng.remote.RemoteTestNG.main(RemoteTestNG.java:175)
]]>
      </failure>

          </testcase>
  
            <testcase name="TearDownTest" time="0.0" classname="org.roommanager.test.admin.locations.UpdateLocation">
          <skipped />
    </testcase>
            <testcase name="updateLocation" time="0.0" classname="org.roommanager.test.admin.locations.UpdateLocation">
          <skipped />
    </testcase>
  
  
</testsuite>
